[debug] [2024-01-06T21:07:48.370Z] ----------------------------------------------------------------------
[debug] [2024-01-06T21:07:48.371Z] Command:       C:\Program Files\nodejs\node.exe C:\Users\User\AppData\Roaming\npm\node_modules\firebase-tools\lib\bin\firebase.js init
[debug] [2024-01-06T21:07:48.372Z] CLI Version:   12.4.3
[debug] [2024-01-06T21:07:48.372Z] Platform:      win32
[debug] [2024-01-06T21:07:48.372Z] Node Version:  v18.17.1
[debug] [2024-01-06T21:07:48.373Z] Time:          Sat Jan 06 2024 18:07:48 GMT-0300 (hora estándar de Argentina)
[debug] [2024-01-06T21:07:48.373Z] ----------------------------------------------------------------------
[debug] 
[debug] [2024-01-06T21:07:48.380Z] > command requires scopes: ["email","openid","https://www.googleapis.com/auth/cloudplatformprojects.readonly","https://www.googleapis.com/auth/firebase","https://www.googleapis.com/auth/cloud-platform"]
[debug] [2024-01-06T21:07:48.380Z] > authorizing via signed-in user (juampicosta81@gmail.com)
[info] 
     ######## #### ########  ######## ########     ###     ######  ########
     ##        ##  ##     ## ##       ##     ##  ##   ##  ##       ##
     ######    ##  ########  ######   ########  #########  ######  ######
     ##        ##  ##    ##  ##       ##     ## ##     ##       ## ##
     ##       #### ##     ## ######## ########  ##     ##  ######  ########

You're about to initialize a Firebase project in this directory:

  C:\Users\User\Desktop\proyectos\spotify-clone

[info] 
=== Project Setup
[info] 
[info] First, let's associate this project directory with a Firebase project.
[info] You can create multiple project aliases by running firebase use --add, 
[info] but for now we'll just set up a default project.
[info] 
[debug] [2024-01-06T21:08:15.775Z] >>> [apiv2][query] GET https://firebase.googleapis.com/v1beta1/projects pageSize=100
[debug] [2024-01-06T21:08:16.438Z] <<< [apiv2][status] GET https://firebase.googleapis.com/v1beta1/projects 200
[debug] [2024-01-06T21:08:16.438Z] <<< [apiv2][body] GET https://firebase.googleapis.com/v1beta1/projects [omitted]
[info] i  Using project spotify-clone-8674f (spotify-clone) 
[info] 
=== Hosting Setup
[debug] [2024-01-06T21:08:20.188Z] TypeError: openConfig is not a function
    at getConfig (C:\Users\User\AppData\Roaming\npm\node_modules\firebase-tools\lib\frameworks\astro\utils.js:14:43)
    at async discover (C:\Users\User\AppData\Roaming\npm\node_modules\firebase-tools\lib\frameworks\astro\index.js:22:52)
    at async discover (C:\Users\User\AppData\Roaming\npm\node_modules\firebase-tools\lib\frameworks\index.js:46:32)
    at async doSetup (C:\Users\User\AppData\Roaming\npm\node_modules\firebase-tools\lib\init\features\hosting\index.js:22:11)
    at async init (C:\Users\User\AppData\Roaming\npm\node_modules\firebase-tools\lib\init\index.js:41:9)
[error] 
[error] Error: An unexpected error has occurred.
[debug] [2024-01-06T21:10:33.480Z] ----------------------------------------------------------------------
[debug] [2024-01-06T21:10:33.482Z] Command:       C:\Program Files\nodejs\node.exe C:\Users\User\AppData\Roaming\npm\node_modules\firebase-tools\lib\bin\firebase.js init
[debug] [2024-01-06T21:10:33.482Z] CLI Version:   12.4.3
[debug] [2024-01-06T21:10:33.482Z] Platform:      win32
[debug] [2024-01-06T21:10:33.482Z] Node Version:  v18.17.1
[debug] [2024-01-06T21:10:33.484Z] Time:          Sat Jan 06 2024 18:10:33 GMT-0300 (hora estándar de Argentina)
[debug] [2024-01-06T21:10:33.484Z] ----------------------------------------------------------------------
[debug] 
[debug] [2024-01-06T21:10:33.491Z] > command requires scopes: ["email","openid","https://www.googleapis.com/auth/cloudplatformprojects.readonly","https://www.googleapis.com/auth/firebase","https://www.googleapis.com/auth/cloud-platform"]
[debug] [2024-01-06T21:10:33.492Z] > authorizing via signed-in user (juampicosta81@gmail.com)
[info] 
     ######## #### ########  ######## ########     ###     ######  ########
     ##        ##  ##     ## ##       ##     ##  ##   ##  ##       ##
     ######    ##  ########  ######   ########  #########  ######  ######
     ##        ##  ##    ##  ##       ##     ## ##     ##       ## ##
     ##       #### ##     ## ######## ########  ##     ##  ######  ########

You're about to initialize a Firebase project in this directory:

  C:\Users\User\Desktop\proyectos\spotify-clone

[info] 
=== Project Setup
[info] 
[info] First, let's associate this project directory with a Firebase project.
[info] You can create multiple project aliases by running firebase use --add, 
[info] but for now we'll just set up a default project.
[info] 
[debug] [2024-01-06T21:10:45.459Z] >>> [apiv2][query] GET https://firebase.googleapis.com/v1beta1/projects pageSize=100
[debug] [2024-01-06T21:10:46.227Z] <<< [apiv2][status] GET https://firebase.googleapis.com/v1beta1/projects 200
[debug] [2024-01-06T21:10:46.227Z] <<< [apiv2][body] GET https://firebase.googleapis.com/v1beta1/projects [omitted]
[info] i  Using project spotify-clone-8674f (spotify-clone) 
[info] 
=== Hosting Setup
[debug] [2024-01-06T21:10:49.889Z] TypeError: openConfig is not a function
    at getConfig (C:\Users\User\AppData\Roaming\npm\node_modules\firebase-tools\lib\frameworks\astro\utils.js:14:43)
    at async discover (C:\Users\User\AppData\Roaming\npm\node_modules\firebase-tools\lib\frameworks\astro\index.js:22:52)
    at async discover (C:\Users\User\AppData\Roaming\npm\node_modules\firebase-tools\lib\frameworks\index.js:46:32)
    at async doSetup (C:\Users\User\AppData\Roaming\npm\node_modules\firebase-tools\lib\init\features\hosting\index.js:22:11)
    at async init (C:\Users\User\AppData\Roaming\npm\node_modules\firebase-tools\lib\init\index.js:41:9)
[error] 
[error] Error: An unexpected error has occurred.
